   0.000 2019-10-30 02:07:11; Factorio 0.17.74 (build 47523, linux64, headless)
   0.044 Operating system: Linux (Ubuntu 18.04)
   0.044 Program arguments: "./bin/x64/factorio" "--start-server" "./saves/mysave.zip" 
   0.045 Read data path: /opt/factorio/data
   0.045 Write data path: /opt/factorio [28458/29715MB]
   0.045 Binaries path: /opt/factorio/bin
   0.052 System info: [CPU: Intel(R) Xeon(R) CPU E5-2676 v3 @ 2.40GHz, 1 core, RAM: 983 MB]
   0.052 Environment: DISPLAY=<unset> WAYLAND_DISPLAY=<unset> DESKTOP_SESSION=<unset> XDG_SESSION_DESKTOP=<unset> XDG_CURRENT_DESKTOP=<unset> __GL_FSAA_MODE=<unset> __GL_LOG_MAX_ANISO=<unset> __GL_SYNC_TO_VBLANK=<unset> __GL_SORT_FBCONFIGS=<unset> __GL_YIELD=<unset>
   0.052 Running in headless mode
   0.055 Loading mod core 0.0.0 (data.lua)
   0.113 Loading mod base 0.17.74 (data.lua)
   0.345 Loading mod base 0.17.74 (data-updates.lua)
   0.465 Checksum for core: 3106065888
   0.465 Checksum of base: 2619108422
   0.665 Prototype list checksum: 957156384
   0.701 Info PlayerData.cpp:68: Local player-data.json available, timestamp 1572401180
   0.701 Info PlayerData.cpp:75: Cloud player-data.json unavailable
   0.749 Factorio initialised
   0.749 Info ServerSynchronizer.cpp:30: nextHeartbeatSequenceNumber(0) initialized Synchronizer nextTickClosureTick(0).
   0.750 Info ServerMultiplayerManager.cpp:776: updateTick(4294967295) changing state from(Ready) to(PreparedToHostGame)
   0.750 Info ServerMultiplayerManager.cpp:776: updateTick(4294967295) changing state from(PreparedToHostGame) to(CreatingGame)
   0.758 Loading map /opt/factorio/./saves/mysave.zip: 710314 bytes.
   0.785 Loading level.dat: 1432614 bytes.
   0.797 Info Scenario.cpp:187: Map version 0.17.74-0
   0.868 Loading script.dat: 328 bytes.
   0.873 Checksum for script /opt/factorio/temp/currently-playing/control.lua: 3265260072
   0.881 Info UDPSocket.cpp:27: Opening socket at (IP ADDR:({0.0.0.0:34197}))
   0.881 Hosting game at IP ADDR:({0.0.0.0:34197})
   0.927 Info HttpSharedState.cpp:54: Downloading https://auth.factorio.com/generate-server-padlock-2
   1.323 Info AuthServerConnector.cpp:109: Obtained serverPadlock for serverHash (EGqfhhLYEEM2MLtDqu04WX9R6G0jtEQc) from the auth server.
   1.323 Info ServerMultiplayerManager.cpp:776: updateTick(0) changing state from(CreatingGame) to(InGame)
 434.765 ConnectionRequestReplyConfirm (type(ConnectionRequestReplyConfirm) ) from(IP ADDR:({66.219.235.183:56255}))
 434.765 Refusing connection for address (IP ADDR:({66.219.235.183:56255})), username (worp1). ModsMismatch
 481.459 ConnectionRequestReplyConfirm (type(ConnectionRequestReplyConfirm) ) from(IP ADDR:({66.219.235.183:49386}))
 481.459 Refusing connection for address (IP ADDR:({66.219.235.183:49386})), username (worp1). UserVerificationMissing
 481.948 ConnectionRequestReplyConfirm (type(ConnectionRequestReplyConfirm) ) from(IP ADDR:({66.219.235.183:54380}))
 481.948 Info ServerRouter.cpp:425: Replying to connectionRequest for address(IP ADDR:({66.219.235.183:54380})).
 481.948 Info ServerSynchronizer.cpp:599: nextHeartbeatSequenceNumber(14261) adding peer(1)
 481.965 Info ServerMultiplayerManager.cpp:776: updateTick(0) changing state from(InGame) to(InGameSavingMap)
 482.016 Info ServerMultiplayerManager.cpp:925: updateTick(0) received stateChanged peerID(1) oldState(Ready) newState(ConnectedWaitingForMap)
 482.051 Info ServerMultiplayerManager.cpp:993: UpdateTick(0) Serving map(/opt/factorio/temp/mp-save-0.zip) for peer(1) size(710608) crc(3632081234)
 482.051 Info ServerMultiplayerManager.cpp:776: updateTick(0) changing state from(InGameSavingMap) to(InGame)
 482.152 Info ServerMultiplayerManager.cpp:925: updateTick(0) received stateChanged peerID(1) oldState(ConnectedWaitingForMap) newState(ConnectedDownloadingMap)
 482.961 Info ServerMultiplayerManager.cpp:925: updateTick(0) received stateChanged peerID(1) oldState(ConnectedDownloadingMap) newState(ConnectedLoadingMap)
 483.743 Info ServerMultiplayerManager.cpp:925: updateTick(46) received stateChanged peerID(1) oldState(ConnectedLoadingMap) newState(TryingToCatchUp)
 483.845 Info ServerMultiplayerManager.cpp:925: updateTick(52) received stateChanged peerID(1) oldState(TryingToCatchUp) newState(WaitingForCommandToStartSendingTickClosures)
 483.845 Info GameActionHandler.cpp:4168: UpdateTick (52) processed PlayerJoinGame peerID(1) playerIndex(0) mode(create) 
 483.949 Info ServerMultiplayerManager.cpp:925: updateTick(58) received stateChanged peerID(1) oldState(WaitingForCommandToStartSendingTickClosures) newState(InGame)
 510.658 Info ServerMultiplayerManager.cpp:1039: Disconnect notification for peer (1)
 510.658 Info ServerMultiplayerManager.cpp:925: updateTick(1661) received stateChanged peerID(1) oldState(InGame) newState(DisconnectScheduled)
 510.658 Info ServerSynchronizer.cpp:618: nextHeartbeatSequenceNumber(15099) removing peer(1).
 511.670 Info ServerMultiplayerManager.cpp:1189: Auto saving map as /opt/factorio/./saves/mysave.zip
 511.670 Info AppManager.cpp:394: Saving game as /opt/factorio/./saves/mysave.zip
 511.771 Info AppManagerStates.cpp:1793: Saving finished
 683.550 Error InterruptibleStdioStream.cpp:61: Got EOF on stdin; closing
 683.550 Received SIGHUP, shutting down
 683.550 Quitting: signal.
 683.550 Info MainLoop.cpp:400: Saving map as /opt/factorio/./saves/mysave.zip
 683.598 Info MainLoop.cpp:411: Saving progress: 0.222717%
 683.623 Info MainLoop.cpp:411: Saving progress: 100.000000%
 683.639 Info ServerMultiplayerManager.cpp:114: Disconnecting multiplayer connection.
 683.639 Info ServerMultiplayerManager.cpp:776: updateTick(1662) changing state from(InGame) to(DisconnectingScheduled)
 683.672 Info ServerMultiplayerManager.cpp:776: updateTick(1662) changing state from(DisconnectingScheduled) to(Disconnecting)
 683.706 Info ServerMultiplayerManager.cpp:776: updateTick(1662) changing state from(Disconnecting) to(Disconnected)
 683.706 Info ServerMultiplayerManager.cpp:138: Quitting multiplayer connection.
 683.706 Info ServerMultiplayerManager.cpp:776: updateTick(1662) changing state from(Disconnected) to(Closed)
 683.746 Info UDPSocket.cpp:218: Closing socket
 683.746 Info UDPSocket.cpp:248: Socket closed
 683.783 Goodbye
